$ CHROME_PATH=/root/.cache/ms-playwright/chromium-1208/chrome-linux64/chrome timeout 300 pnpm run lighthouse:ci

> nextjs_tailwind_shadcn_ts@0.2.0 lighthouse:ci /workspace/asdev-portfolio
> LHCI_BUILD_CONTEXT__CURRENT_HASH=${LHCI_BUILD_CONTEXT__CURRENT_HASH:-$(git rev-parse HEAD 2>/dev/null || echo local)} pnpm exec lhci autorun --config=./lighthouserc.json

✅  .lighthouseci/ directory writable
✅  Configuration file found
✅  Chrome installation found
Healthcheck passed!

Started a web server with "pnpm run build && pnpm run start"...
Running Lighthouse 3 time(s) on http://127.0.0.1:3000/
Run #1...failed!
Error: Lighthouse failed with exit code 1
    at ChildProcess.<anonymous> (/workspace/asdev-portfolio/node_modules/.pnpm/@lhci+cli@0.15.1/node_modules/@lhci/cli/src/collect/node-runner.js:120:21)
    at ChildProcess.emit (node:events:524:28)
    at ChildProcess._handle.onexit (node:internal/child_process:293:12)
2026-02-18T07:04:00.456Z LH:ChromeLauncher Waiting for browser.
2026-02-18T07:04:00.459Z LH:ChromeLauncher Waiting for browser...
2026-02-18T07:04:00.969Z LH:ChromeLauncher Waiting for browser.....
2026-02-18T07:04:01.472Z LH:ChromeLauncher Waiting for browser.......
2026-02-18T07:04:01.974Z LH:ChromeLauncher Waiting for browser.........
2026-02-18T07:04:02.476Z LH:ChromeLauncher Waiting for browser...........
2026-02-18T07:04:02.978Z LH:ChromeLauncher Waiting for browser.............
2026-02-18T07:04:03.479Z LH:ChromeLauncher Waiting for browser...............
2026-02-18T07:04:03.981Z LH:ChromeLauncher Waiting for browser.................
2026-02-18T07:04:04.483Z LH:ChromeLauncher Waiting for browser...................
2026-02-18T07:04:04.985Z LH:ChromeLauncher Waiting for browser.....................
2026-02-18T07:04:05.487Z LH:ChromeLauncher Waiting for browser.......................
2026-02-18T07:04:05.989Z LH:ChromeLauncher Waiting for browser.........................
2026-02-18T07:04:06.491Z LH:ChromeLauncher Waiting for browser...........................
2026-02-18T07:04:06.993Z LH:ChromeLauncher Waiting for browser.............................
2026-02-18T07:04:07.494Z LH:ChromeLauncher Waiting for browser...............................
2026-02-18T07:04:07.997Z LH:ChromeLauncher Waiting for browser.................................
2026-02-18T07:04:08.498Z LH:ChromeLauncher Waiting for browser...................................
2026-02-18T07:04:09.000Z LH:ChromeLauncher Waiting for browser.....................................
2026-02-18T07:04:09.502Z LH:ChromeLauncher Waiting for browser.......................................
2026-02-18T07:04:10.003Z LH:ChromeLauncher Waiting for browser.........................................
2026-02-18T07:04:10.505Z LH:ChromeLauncher Waiting for browser...........................................
2026-02-18T07:04:11.007Z LH:ChromeLauncher Waiting for browser.............................................
2026-02-18T07:04:11.509Z LH:ChromeLauncher Waiting for browser...............................................
2026-02-18T07:04:12.011Z LH:ChromeLauncher Waiting for browser.................................................
2026-02-18T07:04:12.513Z LH:ChromeLauncher Waiting for browser...................................................
2026-02-18T07:04:13.013Z LH:ChromeLauncher Waiting for browser.....................................................
2026-02-18T07:04:13.515Z LH:ChromeLauncher Waiting for browser.......................................................
2026-02-18T07:04:14.016Z LH:ChromeLauncher Waiting for browser.........................................................
2026-02-18T07:04:14.517Z LH:ChromeLauncher Waiting for browser...........................................................
2026-02-18T07:04:15.019Z LH:ChromeLauncher Waiting for browser.............................................................
2026-02-18T07:04:15.520Z LH:ChromeLauncher Waiting for browser...............................................................
2026-02-18T07:04:16.021Z LH:ChromeLauncher Waiting for browser.................................................................
2026-02-18T07:04:16.523Z LH:ChromeLauncher Waiting for browser...................................................................
2026-02-18T07:04:17.024Z LH:ChromeLauncher Waiting for browser.....................................................................
2026-02-18T07:04:17.527Z LH:ChromeLauncher Waiting for browser.......................................................................
2026-02-18T07:04:18.029Z LH:ChromeLauncher Waiting for browser.........................................................................
2026-02-18T07:04:18.531Z LH:ChromeLauncher Waiting for browser...........................................................................
2026-02-18T07:04:19.033Z LH:ChromeLauncher Waiting for browser.............................................................................
2026-02-18T07:04:19.534Z LH:ChromeLauncher Waiting for browser...............................................................................
2026-02-18T07:04:20.036Z LH:ChromeLauncher Waiting for browser.................................................................................
2026-02-18T07:04:20.538Z LH:ChromeLauncher Waiting for browser...................................................................................
2026-02-18T07:04:21.040Z LH:ChromeLauncher Waiting for browser.....................................................................................
2026-02-18T07:04:21.541Z LH:ChromeLauncher Waiting for browser.......................................................................................
2026-02-18T07:04:22.043Z LH:ChromeLauncher Waiting for browser.........................................................................................
2026-02-18T07:04:22.543Z LH:ChromeLauncher Waiting for browser...........................................................................................
2026-02-18T07:04:23.045Z LH:ChromeLauncher Waiting for browser.............................................................................................
2026-02-18T07:04:23.547Z LH:ChromeLauncher Waiting for browser...............................................................................................
2026-02-18T07:04:24.048Z LH:ChromeLauncher Waiting for browser.................................................................................................
2026-02-18T07:04:24.550Z LH:ChromeLauncher Waiting for browser...................................................................................................
2026-02-18T07:04:25.052Z LH:ChromeLauncher Waiting for browser.....................................................................................................
2026-02-18T07:04:25.554Z LH:ChromeLauncher Waiting for browser.......................................................................................................
2026-02-18T07:04:25.555Z LH:ChromeLauncher:error connect ECONNREFUSED 127.0.0.1:45055
2026-02-18T07:04:25.555Z LH:ChromeLauncher:error Logging contents of /tmp/lighthouse.xq2SLJn/chrome-err.log
2026-02-18T07:04:25.556Z LH:ChromeLauncher:error [15543:15543:0218/070400.588612:ERROR:content/browser/zygote_host/zygote_host_impl_linux.cc:101] Running as root without --no-sandbox is not supported. See https://crbug.com/638180.

Unable to connect to Chrome

 ELIFECYCLE  Command failed with exit code 1.
exit_code=1
