$ CHROME_PATH=/root/.cache/ms-playwright/chromium-1208/chrome-linux64/chrome timeout 300 pnpm run lighthouse:ci

> nextjs_tailwind_shadcn_ts@0.2.0 lighthouse:ci /workspace/asdev-portfolio
> LHCI_BUILD_CONTEXT__CURRENT_HASH=${LHCI_BUILD_CONTEXT__CURRENT_HASH:-$(git rev-parse HEAD 2>/dev/null || echo local)} pnpm exec lhci autorun --config=./lighthouserc.json

✅  .lighthouseci/ directory writable
✅  Configuration file found
✅  Chrome installation found
Healthcheck passed!

Started a web server with "pnpm run build && pnpm run start"...
Running Lighthouse 3 time(s) on http://127.0.0.1:3000/
Run #1...failed!
Error: Lighthouse failed with exit code 1
    at ChildProcess.<anonymous> (/workspace/asdev-portfolio/node_modules/.pnpm/@lhci+cli@0.15.1/node_modules/@lhci/cli/src/collect/node-runner.js:120:21)
    at ChildProcess.emit (node:events:524:28)
    at ChildProcess._handle.onexit (node:internal/child_process:293:12)
{
  "lighthouseVersion": "12.6.1",
  "requestedUrl": "http://127.0.0.1:3000/",
  "mainDocumentUrl": "chrome-error://chromewebdata/",
  "finalDisplayedUrl": "chrome-error://chromewebdata/",
  "finalUrl": "chrome-error://chromewebdata/",
  "fetchTime": "2026-02-18T07:11:04.040Z",
  "gatherMode": "navigation",
  "runtimeError": {
    "code": "CHROME_INTERSTITIAL_ERROR",
    "message": "Chrome prevented page load with an interstitial. Make sure you are testing the correct URL and that the server is properly responding to all requests."
  },
  "runWarnings": [
    "The page may not be loading as expected because your test URL (http://127.0.0.1:3000/) was redirected to chrome-error://chromewebdata/. Try testing the second URL directly.",
    "Chrome prevented page load with an interstitial. Make sure you are testing the correct URL and that the server is properly responding to all requests."
  ],
  "userAgent": "Mozilla/5.0 (X11; Linux x86_64) AppleWebKit/537.36 (KHTML, like Gecko) HeadlessChrome/145.0.0.0 Safari/537.36",
  "environment": {
    "hostUserAgent": "Mozilla/5.0 (X11; Linux x86_64) AppleWebKit/537.36 (KHTML, like Gecko) HeadlessChrome/145.0.0.0 Safari/537.36",
    "benchmarkIndex": 1432.5,
    "credits": {}
  },
  "audits": {
    "is-on-https": {
      "id": "is-on-https",
      "title": "Uses HTTPS",
      "description": "All sites should be protected with HTTPS, even ones that don't handle sensitive data. This includes avoiding [mixed content](https://developers.google.com/web/fundamentals/security/prevent-mixed-content/what-is-mixed-content), where some resources are loaded over HTTP despite the initial request being served over HTTPS. HTTPS prevents intruders from tampering with or passively listening in on the communications between your app and your users, and is a prerequisite for HTTP/2 and many new web platform APIs. [Learn more about HTTPS](https://developer.chrome.com/docs/lighthouse/pwa/is-on-https/).",
      "score": null,
      "scoreDisplayMode": "error",
      "errorMessage": "Chrome prevented page load with an interstitial. Make sure you are testing the correct URL and that the server is properly responding to all requests.",
      "errorStack": "LighthouseError: CHROME_INTERSTITIAL_ERROR\n    at getInterstitialError (file:///workspace/asdev-portfolio/node_modules/.pnpm/lighthouse@12.6.1/node_modules/lighthouse/core/lib/navigation-error.js:97:10)\n    at getPageLoadError (file:///workspace/asdev-portfolio/node_modules/.pnpm/lighthouse@12.6.1/node_modules/lighthouse/core/lib/navigation-error.js:163:29)\n    at _computeNavigationResult (file:///workspace/asdev-portfolio/node_modules/.pnpm/lighthouse@12.6.1/node_modules/lighthouse/core/gather/navigation-runner.js:146:7)\n    at async gatherFn (file:///workspace/asdev-portfolio/node_modules/.pnpm/lighthouse@12.6.1/node_modules/lighthouse/core/gather/navigation-runner.js:300:23)\n    at async Runner.gather (file:///workspace/asdev-portfolio/node_modules/.pnpm/lighthouse@12.6.1/node_modules/lighthouse/core/runner.js:211:25)\n    at async navigationGather (file:///workspace/asdev-portfolio/node_modules/.pnpm/lighthouse@12.6.1/node_modules/lighthouse/core/gather/navigation-runner.js:306:21)\n    at async navigation (file:///workspace/asdev-portfolio/node_modules/.pnpm/lighthouse@12.6.1/node_modules/lighthouse/core/index.js:58:24)\n    at async runLighthouse (file:///workspace/asdev-portfolio/node_modules/.pnpm/lighthouse@12.6.1/node_modules/lighthouse/cli/run.js:210:26)\n    at async file:///workspace/asdev-portfolio/node_modules/.pnpm/lighthouse@12.6.1/node_modules/lighthouse/cli/index.js:10:1"
    },
    "redirects-http": {
      "id": "redirects-http",
      "title": "Redirects HTTP traffic to HTTPS",
      "description": "Make sure that you redirect all HTTP traffic to HTTPS in order to enable secure web features for all your users. [Learn more](https://developer.chrome.com/docs/lighthouse/pwa/redirects-http/).",
      "score": null,
      "scoreDisplayMode"
2026-02-18T07:11:00.707Z LH:ChromeLauncher Waiting for browser.
2026-02-18T07:11:00.714Z LH:ChromeLauncher Waiting for browser...
2026-02-18T07:11:01.257Z LH:ChromeLauncher Waiting for browser.....
2026-02-18T07:11:01.760Z LH:ChromeLauncher Waiting for browser.......
2026-02-18T07:11:01.762Z LH:ChromeLauncher Waiting for browser.......[32m✓[0m
2026-02-18T07:11:02.970Z LH:status Connecting to browser
2026-02-18T07:11:02.992Z LH:status Navigating to about:blank
2026-02-18T07:11:03.008Z LH:status Benchmarking machine
2026-02-18T07:11:04.040Z LH:status Preparing target for navigation mode
2026-02-18T07:11:04.078Z LH:status Cleaning origin data
2026-02-18T07:11:04.089Z LH:status Cleaning browser cache
2026-02-18T07:11:04.101Z LH:status Preparing network conditions
2026-02-18T07:11:04.189Z LH:status Navigating to http://127.0.0.1:3000/
2026-02-18T07:11:07.647Z LH:Navigation:error Provided URL (http://127.0.0.1:3000/) did not match initial navigation URL (chrome-error://chromewebdata/)
2026-02-18T07:11:07.972Z LH:NavigationRunner:error Chrome prevented page load with an interstitial. Make sure you are testing the correct URL and that the server is properly responding to all requests. http://127.0.0.1:3000/
2026-02-18T07:11:08.019Z LH:status Analyzing and running audits...
2026-02-18T07:11:08.022Z LH:status Auditing: Uses HTTPS
2026-02-18T07:11:08.022Z LH:is-on-https:warn Caught exception: CHROME_INTERSTITIAL_ERROR
2026-02-18T07:11:08.025Z LH:status Auditing: Redirects HTTP traffic to HTTPS
2026-02-18T07:11:08.025Z LH:redirects-http:warn Caught exception: CHROME_INTERSTITIAL_ERROR
2026-02-18T07:11:08.027Z LH:status Auditing: Has a `<meta name="viewport">` tag with `width` or `initial-scale`
2026-02-18T07:11:08.027Z LH:viewport:warn Caught exception: CHROME_INTERSTITIAL_ERROR
2026-02-18T07:11:08.028Z LH:status Auditing: First Contentful Paint
2026-02-18T07:11:08.028Z LH:first-contentful-paint:warn Caught exception: CHROME_INTERSTITIAL_ERROR
2026-02-18T07:11:08.029Z LH:status Auditing: Largest Contentful Paint
2026-02-18T07:11:08.029Z LH:largest-contentful-paint:warn Caught exception: CHROME_INTERSTITIAL_ERROR
2026-02-18T07:11:08.030Z LH:status Auditing: First Meaningful Paint
2026-02-18T07:11:08.030Z LH:first-meaningful-paint:warn Caught exception: CHROME_INTERSTITIAL_ERROR
2026-02-18T07:11:08.033Z LH:status Auditing: Speed Index
2026-02-18T07:11:08.033Z LH:speed-index:warn Caught exception: CHROME_INTERSTITIAL_ERROR
2026-02-18T07:11:08.034Z LH:status Auditing: Screenshot Thumbnails
2026-02-18T07:11:08.034Z LH:screenshot-thumbnails:warn Caught exception: CHROME_INTERSTITIAL_ERROR
2026-02-18T07:11:08.034Z LH:status Auditing: Final Screenshot
2026-02-18T07:11:08.034Z LH:final-screenshot:warn Caught exception: CHROME_INTERSTITIAL_ERROR
2026-02-18T07:11:08.035Z LH:status Auditing: Total Blocking Time
2026-02-18T07:11:08.035Z LH:total-blocking-time:warn Caught exception: CHROME_INTERSTITIAL_ERROR
2026-02-18T07:11:08.036Z LH:status Auditing: Max Potential First Input Delay
2026-02-18T07:11:08.036Z LH:max-potential-fid:warn Caught exception: CHROME_INTERSTITIAL_ERROR
2026-02-18T07:11:08.038Z LH:status Auditing: Cumulative Layout Shift
2026-02-18T07:11:08.038Z LH:cumulative-layout-shift:warn Caught exception: CHROME_INTERSTITIAL_ERROR
2026-02-18T07:11:08.040Z LH:status Auditing: No browser errors logged to the console
2026-02-18T07:11:08.041Z LH:errors-in-console:warn Caught exception: CHROME_INTERSTITIAL_ERROR
2026-02-18T07:11:08.042Z LH:status Auditing: Initial server response time was short
2026-02-18T07:11:08.042Z LH:server-response-time:warn Caught exception: CHROME_INTERSTITIAL_ERROR
2026-02-18T07:11:08.043Z LH:status Auditing: Time to Interactive
2026-02-18T07:11:08.044Z LH:interactive:warn Caught exception: CHROME_INTERSTITIAL_ERROR
2026-02-18T07:11:08.045Z LH:status Auditing: User Timing marks and measures
2026-02-18T07:11:08.045Z LH:user-timings:warn Caught exception: CHROME_INTERSTITIAL_ERROR
2026-02-18T07:11:08.046Z LH:status Auditing: Avoid chaining critical requests
2026-02-18T07:11:08.046Z LH:critical-request-chains:warn Caught exception: CHROME_INTERSTITIAL_ERROR
2026-02-18T07:11:08.047Z LH:status Auditing: Avoid multiple page redirects
2026-02-18T07:11:08.047Z LH:redirects:warn Caught exception: CHROME_INTERSTITIAL_ERROR
2026-02-18T07:11:08.048Z LH:status Auditing: Displays images with correct aspect ratio
2026-02-18T07:11:08.048Z LH:image-aspect-ratio:warn Caught exception: CHROME_INTERSTITIAL_ERROR
2026-02-18T07:11:08.049Z LH:status Auditing: Serves images with appropriate resolution
2026-02-18T07:11:08.049Z LH:image-size-responsive:warn Caught exception: CHROME_INTERSTITIAL_ERROR
2026-02-18T07:11:08.050Z LH:status Auditing: Avoids deprecated APIs
2026-02-18T07:11:08.050Z LH:deprecations:warn Caught exception: CHROME_INTERSTITIAL_ERROR
2026-02-18T07:11:08.051Z LH:status Auditing: Avoids third-party cookies
2026-02-18T07:11:08.051Z LH:third-party-cookies:warn Caught exception: CHROME_INTERSTITIAL_ERROR
2026-02-18T07:11:08.052Z LH:status Auditing: Minimizes main-thread work
2026-02-18T07:11:08.053Z LH:mainthread-work-breakdown:warn Caught exception: CHROME_INTERSTITIAL_ERROR
2026-02-18T07:11:08.054Z LH:status Auditing: JavaScript execution time
2026-02-18T07:11:08.054Z LH:bootup-time:warn Caught exception: CHROME_INTERSTITIAL_ERROR
2026-02-18T07:11:08.055Z LH:status Auditing: Preconnect to required origins
2026-02-18T07:11:08.055Z LH:uses-rel-preconnect:warn Caught exception: CHROME_INTERSTITIAL_ERROR
2026-02-18T07:11:08.060Z LH:status Auditing: All text remains visible during webfont loads
2026-02-18T07:11:08.060Z LH:font-display:warn Caught exception: CHROME_INTERSTITIAL_ERROR
2026-02-18T07:11:08.061Z LH:status Auditing: Diagnostics
2026-02-18T07:11:08.061Z LH:diagnostics:warn Caught exception: CHROME_INTERSTITIAL_ERROR
2026-02-18T07:11:08.061Z LH:status Auditing: Network Requests
2026-02-18T07:11:08.061Z LH:network-requests:warn Caught exception: CHROME_INTERSTITIAL_ERROR
2026-02-18T07:11:08.062Z LH:status Auditing: Network Round Trip Times
2026-02-18T07:11:08.062Z LH:network-rtt:warn Caught exception: CHROME_INTERSTITIAL_ERROR
2026-02-18T07:11:08.062Z LH:status Auditing: Server Backend Latencies
2026-02-18T07:11:08.063Z LH:network-server-latency:warn Caught exception: CHROME_INTERSTITIAL_ERROR
2026-02-18T07:11:08.063Z LH:status Auditing: Tasks
2026-02-18T07:11:08.063Z LH:main-thread-tasks:warn Caught exception: CHROME_INTERSTITIAL_ERROR
2026-02-18T07:11:08.063Z LH:status Auditing: Metrics
2026-02-18T07:11:08.063Z LH:metrics:warn Caught exception: CHROME_INTERSTITIAL_ERROR
2026-02-18T07:11:08.063Z LH:status Auditing: Resources Summary
2026-02-18T07:11:08.063Z LH:resource-summary:warn Caught exception: CHROME_INTERSTITIAL_ERROR
2026-02-18T07:11:08.064Z LH:status Auditing: Minimize third-party usage
2026-02-18T07:11:08.064Z LH:third-party-summary:warn Caught exception: CHROME_INTERSTITIAL_ERROR
2026-02-18T07:11:08.065Z LH:status Auditing: Lazy load third-party resources with facades
2026-02-18T07:11:08.065Z LH:third-party-facades:warn Caught exception: CHROME_INTERSTITIAL_ERROR
2026-02-18T07:11:08.066Z LH:status Auditing: Largest Contentful Paint element
2026-02-18T07:11:08.066Z LH:largest-contentful-paint-element:warn Caught exception: CHROME_INTERSTITIAL_ERROR
2026-02-18T07:11:08.067Z LH:status Auditing: Largest Contentful Paint image was not lazily loaded
2026-02-18T07:11:08.068Z LH:lcp-lazy-loaded:warn Caught exception: CHROME_INTERSTITIAL_ERROR
2026-02-18T07:11:08.069Z LH:status Auditing: Avoid large layout shifts
2026-02-18T07:11:08.069Z LH:layout-shifts:warn Caught exception: CHROME_INTERSTITIAL_ERROR
2026-02-18T07:11:08.070Z LH:status Auditing: Avoid long main-thread tasks
2026-02-18T07:11:08.070Z LH:long-tasks:warn Caught exception: CHROME_INTERSTITIAL_ERROR
2026-02-18T07:11:08.070Z LH:status Auditing: Avoid non-composited animations
2026-02-18T07:11:08.071Z LH:non-composited-animations:warn Caught exception: CHROME_INTERSTITIAL_ERROR
2026-02-18T07:11:08.071Z LH:status Auditing: Image elements have explicit `width` and `height`
2026-02-18T07:11:08.071Z LH:unsized-images:warn Caught exception: CHROME_INTERSTITIAL_ERROR
2026-02-18T07:11:08.072Z LH:status Auditing: Page has valid source maps
2026-02-18T07:11:08.073Z LH:valid-source-maps:warn Caught exception: CHROME_INTERSTITIAL_ERROR
2026-02-18T07:11:08.074Z LH:status Auditing: Preload Largest Contentful Paint image
2026-02-18T07:11:08.074Z LH:prioritize-lcp-image:warn Caught exception: CHROME_INTERSTITIAL_ERROR
2026-02-18T07:11:08.074Z LH:status Auditing: Ensure CSP is effective against XSS attacks
2026-02-18T07:11:08.074Z LH:csp-xss:warn Caught exception: CHROME_INTERSTITIAL_ERROR
2026-02-18T07:11:08.075Z LH:status Auditing: Use a strong HSTS policy
2026-02-18T07:11:08.075Z LH:has-hsts:warn Caught exception: CHROME_INTERSTITIAL_ERROR
2026-02-18T07:11:08.076Z LH:status Auditing: Ensure proper origin isolation with COOP
2026-02-18T07:11:08.077Z LH:origin-isolation:warn Caught exception: CHROME_INTERSTITIAL_ERROR
2026-02-18T07:11:08.077Z LH:status Auditing: Mitigate clickjacking with XFO or CSP
2026-02-18T07:11:08.077Z LH:clickjacking-mitigation:warn Caught exception: CHROME_INTERSTITIAL_ERROR
2026-02-18T07:11:08.078Z LH:status Auditing: Script Treemap Data
2026-02-18T07:11:08.078Z LH:script-treemap-data:warn Caught exception: CHROME_INTERSTITIAL_ERROR
2026-02-18T07:11:08.078Z LH:status Auditing: `[accesskey]` values are unique
2026-02-18T07:11:08.078Z LH:accesskeys:warn Caught exception: CHROME_INTERSTITIAL_ERROR
2026-02-18T07:11:08.079Z LH:status Auditing: `[aria-*]` attributes match their roles
2026-02-18T07:11:08.080Z LH:aria-allowed-attr:warn Caught exception: CHROME_INTERSTITIAL_ERROR
2026-02-18T07:11:08.081Z LH:status Auditing: Uses ARIA roles only on compatible elements
2026-02-18T07:11:08.081Z LH:aria-allowed-role:warn Caught exception: CHROME_INTERSTITIAL_ERROR
2026-02-18T07:11:08.082Z LH:status Auditing: `button`, `link`, and `menuitem` elements have accessible names
2026-02-18T07:11:08.082Z LH:aria-command-name:warn Caught exception: CHROME_INTERSTITIAL_ERROR
2026-02-18T07:11:08.083Z LH:status Auditing: ARIA attributes are used as specified for the element's role
2026-02-18T07:11:08.083Z LH:aria-conditional-attr:warn Caught exception: CHROME_INTERSTITIAL_ERROR
2026-02-18T07:11:08.084Z LH:status Auditing: Deprecated ARIA roles were not used
2026-02-18T07:11:08.084Z LH:aria-deprecated-role:warn Caught exception: CHROME_INTERSTITIAL_ERROR
2026-02-18T07:11:08.085Z LH:status Auditing: Elements with `role="dialog"` or `role="alertdialog"` have accessible names.
2026-02-18T07:11:08.085Z LH:aria-dialog-name:warn Caught exception: CHROME_INTERSTITIAL_ERROR
2026-02-18T07:11:08.086Z LH:status Auditing: `[aria-hidden="true"]` is not present on the document `<body>`
2026-02-18T07:11:08.086Z LH:aria-hidden-body:warn Caught exception: CHROME_INTERSTITIAL_ERROR
2026-02-18T07:11:08.087Z LH:status Auditing: `[aria-hidden="true"]` elements do not contain focusable descendents
2026-02-18T07:11:08.087Z LH:aria-hidden-focus:warn Caught exception: CHROME_INTERSTITIAL_ERROR
2026-02-18T07:11:08.089Z LH:status Auditing: ARIA input fields have accessible names
2026-02-18T07:11:08.089Z LH:aria-input-field-name:warn Caught exception: CHROME_INTERSTITIAL_ERROR
2026-02-18T07:11:08.098Z LH:status Auditing: ARIA `meter` elements have accessible names
2026-02-18T07:11:08.098Z LH:aria-meter-name:warn Caught exception: CHROME_INTERSTITIAL_ERROR
2026-02-18T07:11:08.099Z LH:status Auditing: ARIA `progressbar` elements have accessible names
2026-02-18T07:11:08.100Z LH:aria-progressbar-name:warn Caught exception: CHROME_INTERSTITIAL_ERROR
2026-02-18T07:11:08.101Z LH:status Auditing: Elements use only permitted ARIA attributes
2026-02-18T07:11:08.101Z LH:aria-prohibited-attr:warn Caught exception: CHROME_INTERSTITIAL_ERROR
2026-02-18T07:11:08.102Z LH:status Auditing: `[role]`s have all required `[aria-*]` attributes
2026-02-18T07:11:08.102Z LH:aria-required-attr:warn Caught exception: CHROME_INTERSTITIAL_ERROR
2026-02-18T07:11:08.103Z LH:status Auditing: Elements with an ARIA `[role]` that require children to contain a specific `[role]` have all required children.
2026-02-18T07:11:08.103Z LH:aria-required-children:warn Caught exception: CHROME_INTERSTITIAL_ERROR
2026-02-18T07:11:08.104Z LH:status Auditing: `[role]`s are contained by their required parent element
2026-02-18T07:11:08.104Z LH:aria-required-parent:warn Caught exception: CHROME_INTERSTITIAL_ERROR
2026-02-18T07:11:08.105Z LH:status Auditing: `[role]` values are valid
2026-02-18T07:11:08.105Z LH:aria-roles:warn Caught exception: CHROME_INTERSTITIAL_ERROR
2026-02-18T07:11:08.106Z LH:status Auditing: Elements with the `role=text` attribute do not have focusable descendents.
2026-02-18T07:11:08.107Z LH:aria-text:warn Caught exception: CHROME_INTERSTITIAL_ERROR
2026-02-18T07:11:08.109Z LH:status Auditing: ARIA toggle fields have accessible names
2026-02-18T07:11:08.109Z LH:aria-toggle-field-name:warn Caught exception: CHROME_INTERSTITIAL_ERROR
2026-02-18T07:11:08.110Z LH:status Auditing: ARIA `tooltip` elements have accessible names
2026-02-18T07:11:08.111Z LH:aria-tooltip-name:warn Caught exception: CHROME_INTERSTITIAL_ERROR
2026-02-18T07:11:08.112Z LH:status Auditing: ARIA `treeitem` elements have accessible names
2026-02-18T07:11:08.112Z LH:aria-treeitem-name:warn Caught exception: CHROME_INTERSTITIAL_ERROR
2026-02-18T07:11:08.113Z LH:status Auditing: `[aria-*]` attributes have valid values
2026-02-18T07:11:08.113Z LH:aria-valid-attr-value:warn Caught exception: CHROME_INTERSTITIAL_ERROR
2026-02-18T07:11:08.114Z LH:status Auditing: `[aria-*]` attributes are valid and not misspelled
2026-02-18T07:11:08.114Z LH:aria-valid-attr:warn Caught exception: CHROME_INTERSTITIAL_ERROR
2026-02-18T07:11:08.115Z LH:status Auditing: Buttons have an accessible name
2026-02-18T07:11:08.115Z LH:button-name:warn Caught exception: CHROME_INTERSTITIAL_ERROR
2026-02-18T07:11:08.116Z LH:status Auditing: The page contains a heading, skip link, or landmark region
2026-02-18T07:11:08.116Z LH:bypass:warn Caught exception: CHROME_INTERSTITIAL_ERROR
2026-02-18T07:11:08.117Z LH:status Auditing: Background and foreground colors have a sufficient contrast ratio
2026-02-18T07:11:08.117Z LH:color-contrast:warn Caught exception: CHROME_INTERSTITIAL_ERROR
2026-02-18T07:11:08.118Z LH:status Auditing: `<dl>`'s contain only properly-ordered `<dt>` and `<dd>` groups, `<script>`, `<template>` or `<div>` elements.
2026-02-18T07:11:08.118Z LH:definition-list:warn Caught exception: CHROME_INTERSTITIAL_ERROR
2026-02-18T07:11:08.119Z LH:status Auditing: Definition list items are wrapped in `<dl>` elements
2026-02-18T07:11:08.119Z LH:dlitem:warn Caught exception: CHROME_INTERSTITIAL_ERROR
2026-02-18T07:11:08.120Z LH:status Auditing: Document has a `<title>` element
2026-02-18T07:11:08.120Z LH:document-title:warn Caught exception: CHROME_INTERSTITIAL_ERROR
2026-02-18T07:11:08.121Z LH:status Auditing: ARIA IDs are unique
2026-02-18T07:11:08.121Z LH:duplicate-id-aria:warn Caught exception: CHROME_INTERSTITIAL_ERROR
2026-02-18T07:11:08.122Z LH:status Auditing: All heading elements contain content.
2026-02-18T07:11:08.122Z LH:empty-heading:warn Caught exception: CHROME_INTERSTITIAL_ERROR
2026-02-18T07:11:08.123Z LH:status Auditing: No form fields have multiple labels
2026-02-18T07:11:08.124Z LH:form-field-multiple-labels:warn Caught exception: CHROME_INTERSTITIAL_ERROR
2026-02-18T07:11:08.124Z LH:status Auditing: `<frame>` or `<iframe>` elements have a title
2026-02-18T07:11:08.125Z LH:frame-title:warn Caught exception: CHROME_INTERSTITIAL_ERROR
2026-02-18T07:11:08.125Z LH:status Auditing: Heading elements appear in a sequentially-descending order
2026-02-18T07:11:08.126Z LH:heading-order:warn Caught exception: CHROME_INTERSTITIAL_ERROR
2026-02-18T07:11:08.127Z LH:status Auditing: `<html>` element has a `[lang]` attribute
2026-02-18T07:11:08.127Z LH:html-has-lang:warn Caught exception: CHROME_INTERSTITIAL_ERROR
2026-02-18T07:11:08.128Z LH:status Auditing: `<html>` element has a valid value for its `[lang]` attribute
2026-02-18T07:11:08.128Z LH:html-lang-valid:warn Caught exception: CHROME_INTERSTITIAL_ERROR
2026-02-18T07:11:08.129Z LH:status Auditing: `<html>` element has an `[xml:lang]` attribute with the same base language as the `[lang]` attribute.
2026-02-18T07:11:08.129Z LH:html-xml-lang-mismatch:warn Caught exception: CHROME_INTERSTITIAL_ERROR
2026-02-18T07:11:08.130Z LH:status Auditing: Identical links have the same purpose.
2026-02-18T07:11:08.130Z LH:identical-links-same-purpose:warn Caught exception: CHROME_INTERSTITIAL_ERROR
2026-02-18T07:11:08.131Z LH:status Auditing: Image elements have `[alt]` attributes
2026-02-18T07:11:08.131Z LH:image-alt:warn Caught exception: CHROME_INTERSTITIAL_ERROR
2026-02-18T07:11:08.132Z LH:status Auditing: Image elements do not have `[alt]` attributes that are redundant text.
2026-02-18T07:11:08.132Z LH:image-redundant-alt:warn Caught exception: CHROME_INTERSTITIAL_ERROR
2026-02-18T07:11:08.133Z LH:status Auditing: Input buttons have discernible text.
2026-02-18T07:11:08.133Z LH:input-button-name:warn Caught exception: CHROME_INTERSTITIAL_ERROR
2026-02-18T07:11:08.140Z LH:status Auditing: `<input type="image">` elements have `[alt]` text
2026-02-18T07:11:08.140Z LH:input-image-alt:warn Caught exception: CHROME_INTERSTITIAL_ERROR
2026-02-18T07:11:08.141Z LH:status Auditing: Elements with visible text labels have matching accessible names.
2026-02-18T07:11:08.141Z LH:label-content-name-mismatch:warn Caught exception: CHROME_INTERSTITIAL_ERROR
2026-02-18T07:11:08.143Z LH:status Auditing: Form elements have associated labels
2026-02-18T07:11:08.143Z LH:label:warn Caught exception: CHROME_INTERSTITIAL_ERROR
2026-02-18T07:11:08.144Z LH:status Auditing: Document has a main landmark.
2026-02-18T07:11:08.144Z LH:landmark-one-main:warn Caught exception: CHROME_INTERSTITIAL_ERROR
2026-02-18T07:11:08.145Z LH:status Auditing: Links have a discernible name
2026-02-18T07:11:08.145Z LH:link-name:warn Caught exception: CHROME_INTERSTITIAL_ERROR
2026-02-18T07:11:08.146Z LH:status Auditing: Links are distinguishable without relying on color.
2026-02-18T07:11:08.146Z LH:link-in-text-block:warn Caught exception: CHROME_INTERSTITIAL_ERROR
2026-02-18T07:11:08.147Z LH:status Auditing: Lists contain only `<li>` elements and script supporting elements (`<script>` and `<template>`).
2026-02-18T07:11:08.147Z LH:list:warn Caught exception: CHROME_INTERSTITIAL_ERROR
2026-02-18T07:11:08.149Z LH:status Auditing: List items (`<li>`) are contained within `<ul>`, `<ol>` or `<menu>` parent elements
2026-02-18T07:11:08.149Z LH:listitem:warn Caught exception: CHROME_INTERSTITIAL_ERROR
2026-02-18T07:11:08.151Z LH:status Auditing: The document does not use `<meta http-equiv="refresh">`
2026-02-18T07:11:08.151Z LH:meta-refresh:warn Caught exception: CHROME_INTERSTITIAL_ERROR
2026-02-18T07:11:08.153Z LH:status Auditing: `[user-scalable="no"]` is not used in the `<meta name="viewport">` element and the `[maximum-scale]` attribute is not less than 5.
2026-02-18T07:11:08.153Z LH:meta-viewport:warn Caught exception: CHROME_INTERSTITIAL_ERROR
2026-02-18T07:11:08.154Z LH:status Auditing: `<object>` elements have alternate text
2026-02-18T07:11:08.154Z LH:object-alt:warn Caught exception: CHROME_INTERSTITIAL_ERROR
2026-02-18T07:11:08.155Z LH:status Auditing: Select elements have associated label elements.
2026-02-18T07:11:08.155Z LH:select-name:warn Caught exception: CHROME_INTERSTITIAL_ERROR
2026-02-18T07:11:08.156Z LH:status Auditing: Skip links are focusable.
2026-02-18T07:11:08.156Z LH:skip-link:warn Caught exception: CHROME_INTERSTITIAL_ERROR
2026-02-18T07:11:08.157Z LH:status Auditing: No element has a `[tabindex]` value greater than 0
2026-02-18T07:11:08.157Z LH:tabindex:warn Caught exception: CHROME_INTERSTITIAL_ERROR
2026-02-18T07:11:08.158Z LH:status Auditing: Tables have different content in the summary attribute and `<caption>`.
2026-02-18T07:11:08.158Z LH:table-duplicate-name:warn Caught exception: CHROME_INTERSTITIAL_ERROR
2026-02-18T07:11:08.160Z LH:status Auditing: Tables use `<caption>` instead of cells with the `[colspan]` attribute to indicate a caption.
2026-02-18T07:11:08.160Z LH:table-fake-caption:warn Caught exception: CHROME_INTERSTITIAL_ERROR
2026-02-18T07:11:08.161Z LH:status Auditing: Touch targets have sufficient size and spacing.
2026-02-18T07:11:08.161Z LH:target-size:warn Caught exception: CHROME_INTERSTITIAL_ERROR
2026-02-18T07:11:08.162Z LH:status Auditing: `<td>` elements in a large `<table>` have one or more table headers.
2026-02-18T07:11:08.162Z LH:td-has-header:warn Caught exception: CHROME_INTERSTITIAL_ERROR
2026-02-18T07:11:08.163Z LH:status Auditing: Cells in a `<table>` element that use the `[headers]` attribute refer to table cells within the same table.
2026-02-18T07:11:08.163Z LH:td-headers-attr:warn Caught exception: CHROME_INTERSTITIAL_ERROR
2026-02-18T07:11:08.164Z LH:status Auditing: `<th>` elements and elements with `[role="columnheader"/"rowheader"]` have data cells they describe.
2026-02-18T07:11:08.164Z LH:th-has-data-cells:warn Caught exception: CHROME_INTERSTITIAL_ERROR
2026-02-18T07:11:08.165Z LH:status Auditing: `[lang]` attributes have a valid value
2026-02-18T07:11:08.165Z LH:valid-lang:warn Caught exception: CHROME_INTERSTITIAL_ERROR
2026-02-18T07:11:08.166Z LH:status Auditing: `<video>` elements contain a `<track>` element with `[kind="captions"]`
2026-02-18T07:11:08.166Z LH:video-caption:warn Caught exception: CHROME_INTERSTITIAL_ERROR
2026-02-18T07:11:08.167Z LH:status Auditing: Custom controls have associated labels
2026-02-18T07:11:08.167Z LH:custom-controls-labels:warn Caught exception: CHROME_INTERSTITIAL_ERROR
2026-02-18T07:11:08.167Z LH:status Auditing: Custom controls have ARIA roles
2026-02-18T07:11:08.167Z LH:custom-controls-roles:warn Caught exception: CHROME_INTERSTITIAL_ERROR
2026-02-18T07:11:08.167Z LH:status Auditing: User focus is not accidentally trapped in a region
2026-02-18T07:11:08.167Z LH:focus-traps:warn Caught exception: CHROME_INTERSTITIAL_ERROR
2026-02-18T07:11:08.167Z LH:status Auditing: Interactive controls are keyboard focusable
2026-02-18T07:11:08.167Z LH:focusable-controls:warn Caught exception: CHROME_INTERSTITIAL_ERROR
2026-02-18T07:11:08.167Z LH:status Auditing: Interactive elements indicate their purpose and state
2026-02-18T07:11:08.167Z LH:interactive-element-affordance:warn Caught exception: CHROME_INTERSTITIAL_ERROR
2026-02-18T07:11:08.167Z LH:status Auditing: The page has a logical tab order
2026-02-18T07:11:08.167Z LH:logical-tab-order:warn Caught exception: CHROME_INTERSTITIAL_ERROR
2026-02-18T07:11:08.167Z LH:status Auditing: The user's focus is directed to new content added to the page
2026-02-18T07:11:08.167Z LH:managed-focus:warn Caught exception: CHROME_INTERSTITIAL_ERROR
2026-02-18T07:11:08.167Z LH:status Auditing: Offscreen content is hidden from assistive technology
2026-02-18T07:11:08.168Z LH:offscreen-content-hidden:warn Caught exception: CHROME_INTERSTITIAL_ERROR
2026-02-18T07:11:08.168Z LH:status Auditing: HTML5 landmark elements are used to improve navigation
2026-02-18T07:11:08.168Z LH:use-landmarks:warn Caught exception: CHROME_INTERSTITIAL_ERROR
2026-02-18T07:11:08.168Z LH:status Auditing: Visual order on the page follows DOM order
2026-02-18T07:11:08.168Z LH:visual-order-follows-dom:warn Caught exception: CHROME_INTERSTITIAL_ERROR
2026-02-18T07:11:08.168Z LH:status Auditing: Uses efficient cache policy on static assets
2026-02-18T07:11:08.168Z LH:uses-long-cache-ttl:warn Caught exception: CHROME_INTERSTITIAL_ERROR
2026-02-18T07:11:08.169Z LH:status Auditing: Avoids enormous network payloads
2026-02-18T07:11:08.169Z LH:total-byte-weight:warn Caught exception: CHROME_INTERSTITIAL_ERROR
2026-02-18T07:11:08.170Z LH:status Auditing: Defer offscreen images
2026-02-18T07:11:08.170Z LH:offscreen-images:warn Caught exception: CHROME_INTERSTITIAL_ERROR
2026-02-18T07:11:08.171Z LH:status Auditing: Eliminate render-blocking resources
2026-02-18T07:11:08.171Z LH:render-blocking-resources:warn Caught exception: CHROME_INTERSTITIAL_ERROR
2026-02-18T07:11:08.171Z LH:status Auditing: Minify CSS
2026-02-18T07:11:08.172Z LH:unminified-css:warn Caught exception: CHROME_INTERSTITIAL_ERROR
2026-02-18T07:11:08.172Z LH:status Auditing: Minify JavaScript
2026-02-18T07:11:08.172Z LH:unminified-javascript:warn Caught exception: CHROME_INTERSTITIAL_ERROR
2026-02-18T07:11:08.173Z LH:status Auditing: Reduce unused CSS
2026-02-18T07:11:08.173Z LH:unused-css-rules:warn Caught exception: CHROME_INTERSTITIAL_ERROR
2026-02-18T07:11:08.181Z LH:status Auditing: Reduce unused JavaScript
2026-02-18T07:11:08.181Z LH:unused-javascript:warn Caught exception: CHROME_INTERSTITIAL_ERROR
2026-02-18T07:11:08.182Z LH:status Auditing: Serve images in next-gen formats
2026-02-18T07:11:08.182Z LH:modern-image-formats:warn Caught exception: CHROME_INTERSTITIAL_ERROR
2026-02-18T07:11:08.183Z LH:status Auditing: Efficiently encode images
2026-02-18T07:11:08.183Z LH:uses-optimized-images:warn Caught exception: CHROME_INTERSTITIAL_ERROR
2026-02-18T07:11:08.184Z LH:status Auditing: Enable text compression
2026-02-18T07:11:08.184Z LH:uses-text-compression:warn Caught exception: CHROME_INTERSTITIAL_ERROR
2026-02-18T07:11:08.184Z LH:status Auditing: Properly size images
2026-02-18T07:11:08.185Z LH:uses-responsive-images:warn Caught exception: CHROME_INTERSTITIAL_ERROR
2026-02-18T07:11:08.185Z LH:status Auditing: Use video formats for animated content
2026-02-18T07:11:08.185Z LH:efficient-animated-content:warn Caught exception: CHROME_INTERSTITIAL_ERROR
2026-02-18T07:11:08.186Z LH:status Auditing: Remove duplicate modules in JavaScript bundles
2026-02-18T07:11:08.186Z LH:duplicated-javascript:warn Caught exception: CHROME_INTERSTITIAL_ERROR
2026-02-18T07:11:08.187Z LH:status Auditing: Avoid serving legacy JavaScript to modern browsers
2026-02-18T07:11:08.187Z LH:legacy-javascript:warn Caught exception: CHROME_INTERSTITIAL_ERROR
2026-02-18T07:11:08.188Z LH:status Auditing: Page has the HTML doctype
2026-02-18T07:11:08.188Z LH:doctype:warn Caught exception: CHROME_INTERSTITIAL_ERROR
2026-02-18T07:11:08.189Z LH:status Auditing: Properly defines charset
2026-02-18T07:11:08.189Z LH:charset:warn Caught exception: CHROME_INTERSTITIAL_ERROR
2026-02-18T07:11:08.190Z LH:status Auditing: Avoids an excessive DOM size
2026-02-18T07:11:08.190Z LH:dom-size:warn Caught exception: CHROME_INTERSTITIAL_ERROR
2026-02-18T07:11:08.191Z LH:status Auditing: Avoids requesting the geolocation permission on page load
2026-02-18T07:11:08.191Z LH:geolocation-on-start:warn Caught exception: CHROME_INTERSTITIAL_ERROR
2026-02-18T07:11:08.192Z LH:status Auditing: No issues in the `Issues` panel in Chrome Devtools
2026-02-18T07:11:08.192Z LH:inspector-issues:warn Caught exception: CHROME_INTERSTITIAL_ERROR
2026-02-18T07:11:08.193Z LH:status Auditing: Avoids `document.write()`
2026-02-18T07:11:08.193Z LH:no-document-write:warn Caught exception: CHROME_INTERSTITIAL_ERROR
2026-02-18T07:11:08.194Z LH:status Auditing: Detected JavaScript libraries
2026-02-18T07:11:08.194Z LH:js-libraries:warn Caught exception: CHROME_INTERSTITIAL_ERROR
2026-02-18T07:11:08.195Z LH:status Auditing: Avoids requesting the notification permission on page load
2026-02-18T07:11:08.195Z LH:notification-on-start:warn Caught exception: CHROME_INTERSTITIAL_ERROR
2026-02-18T07:11:08.196Z LH:status Auditing: Allows users to paste into input fields
2026-02-18T07:11:08.196Z LH:paste-preventing-inputs:warn Caught exception: CHROME_INTERSTITIAL_ERROR
2026-02-18T07:11:08.197Z LH:status Auditing: Use HTTP/2
2026-02-18T07:11:08.197Z LH:uses-http2:warn Caught exception: CHROME_INTERSTITIAL_ERROR
2026-02-18T07:11:08.198Z LH:status Auditing: Uses passive listeners to improve scrolling performance
2026-02-18T07:11:08.198Z LH:uses-passive-event-listeners:warn Caught exception: CHROME_INTERSTITIAL_ERROR
2026-02-18T07:11:08.199Z LH:status Auditing: Document has a meta description
2026-02-18T07:11:08.199Z LH:meta-description:warn Caught exception: CHROME_INTERSTITIAL_ERROR
2026-02-18T07:11:08.200Z LH:status Auditing: Page has successful HTTP status code
2026-02-18T07:11:08.200Z LH:http-status-code:warn Caught exception: CHROME_INTERSTITIAL_ERROR
2026-02-18T07:11:08.201Z LH:status Auditing: Document uses legible font sizes
2026-02-18T07:11:08.201Z LH:font-size:warn Caught exception: CHROME_INTERSTITIAL_ERROR
2026-02-18T07:11:08.202Z LH:status Auditing: Links have descriptive text
2026-02-18T07:11:08.202Z LH:link-text:warn Caught exception: CHROME_INTERSTITIAL_ERROR
2026-02-18T07:11:08.202Z LH:status Auditing: Links are crawlable
2026-02-18T07:11:08.203Z LH:crawlable-anchors:warn Caught exception: CHROME_INTERSTITIAL_ERROR
2026-02-18T07:11:08.203Z LH:status Auditing: Page isn’t blocked from indexing
2026-02-18T07:11:08.204Z LH:is-crawlable:warn Caught exception: CHROME_INTERSTITIAL_ERROR
2026-02-18T07:11:08.205Z LH:status Auditing: robots.txt is valid
2026-02-18T07:11:08.205Z LH:robots-txt:warn Caught exception: CHROME_INTERSTITIAL_ERROR
2026-02-18T07:11:08.206Z LH:status Auditing: Document has a valid `hreflang`
2026-02-18T07:11:08.206Z LH:hreflang:warn Caught exception: CHROME_INTERSTITIAL_ERROR
2026-02-18T07:11:08.207Z LH:status Auditing: Document has a valid `rel=canonical`
2026-02-18T07:11:08.207Z LH:canonical:warn Caught exception: CHROME_INTERSTITIAL_ERROR
2026-02-18T07:11:08.208Z LH:status Auditing: Structured data is valid
2026-02-18T07:11:08.208Z LH:structured-data:warn Caught exception: CHROME_INTERSTITIAL_ERROR
2026-02-18T07:11:08.209Z LH:status Auditing: Page didn't prevent back/forward cache restoration
2026-02-18T07:11:08.209Z LH:bf-cache:warn Caught exception: CHROME_INTERSTITIAL_ERROR
2026-02-18T07:11:08.210Z LH:status Auditing: Use efficient cache lifetimes
2026-02-18T07:11:08.210Z LH:cache-insight:warn Caught exception: CHROME_INTERSTITIAL_ERROR
2026-02-18T07:11:08.211Z LH:status Auditing: Layout shift culprits
2026-02-18T07:11:08.211Z LH:cls-culprits-insight:warn Caught exception: CHROME_INTERSTITIAL_ERROR
2026-02-18T07:11:08.212Z LH:status Auditing: Document request latency
2026-02-18T07:11:08.212Z LH:document-latency-insight:warn Caught exception: CHROME_INTERSTITIAL_ERROR
2026-02-18T07:11:08.213Z LH:status Auditing: Optimize DOM size
2026-02-18T07:11:08.213Z LH:dom-size-insight:warn Caught exception: CHROME_INTERSTITIAL_ERROR
2026-02-18T07:11:08.222Z LH:status Auditing: Duplicated JavaScript
2026-02-18T07:11:08.222Z LH:duplicated-javascript-insight:warn Caught exception: CHROME_INTERSTITIAL_ERROR
2026-02-18T07:11:08.222Z LH:status Auditing: Font display
2026-02-18T07:11:08.223Z LH:font-display-insight:warn Caught exception: CHROME_INTERSTITIAL_ERROR
2026-02-18T07:11:08.224Z LH:status Auditing: Forced reflow
2026-02-18T07:11:08.224Z LH:forced-reflow-insight:warn Caught exception: CHROME_INTERSTITIAL_ERROR
2026-02-18T07:11:08.225Z LH:status Auditing: Improve image delivery
2026-02-18T07:11:08.225Z LH:image-delivery-insight:warn Caught exception: CHROME_INTERSTITIAL_ERROR
2026-02-18T07:11:08.226Z LH:status Auditing: INP by phase
2026-02-18T07:11:08.226Z LH:interaction-to-next-paint-insight:warn Caught exception: CHROME_INTERSTITIAL_ERROR
2026-02-18T07:11:08.226Z LH:status Auditing: LCP request discovery
2026-02-18T07:11:08.227Z LH:lcp-discovery-insight:warn Caught exception: CHROME_INTERSTITIAL_ERROR
2026-02-18T07:11:08.227Z LH:status Auditing: LCP by phase
2026-02-18T07:11:08.228Z LH:lcp-phases-insight:warn Caught exception: CHROME_INTERSTITIAL_ERROR
2026-02-18T07:11:08.228Z LH:status Auditing: Legacy JavaScript
2026-02-18T07:11:08.229Z LH:legacy-javascript-insight:warn Caught exception: CHROME_INTERSTITIAL_ERROR
2026-02-18T07:11:08.229Z LH:status Auditing: Modern HTTP
2026-02-18T07:11:08.229Z LH:modern-http-insight:warn Caught exception: CHROME_INTERSTITIAL_ERROR
2026-02-18T07:11:08.230Z LH:status Auditing: Network dependency tree
2026-02-18T07:11:08.230Z LH:network-dependency-tree-insight:warn Caught exception: CHROME_INTERSTITIAL_ERROR
2026-02-18T07:11:08.231Z LH:status Auditing: Render blocking requests
2026-02-18T07:11:08.231Z LH:render-blocking-insight:warn Caught exception: CHROME_INTERSTITIAL_ERROR
2026-02-18T07:11:08.232Z LH:status Auditing: 3rd parties
2026-02-18T07:11:08.232Z LH:third-parties-insight:warn Caught exception: CHROME_INTERSTITIAL_ERROR
2026-02-18T07:11:08.233Z LH:status Auditing: Optimize viewport for mobile
2026-02-18T07:11:08.233Z LH:viewport-insight:warn Caught exception: CHROME_INTERSTITIAL_ERROR
2026-02-18T07:11:08.234Z LH:status Generating results...
2026-02-18T07:11:08.333Z LH:ChromeLauncher Killing Chrome instance 21811
Runtime error encountered: Chrome prevented page load with an interstitial. Make sure you are testing the correct URL and that the server is properly responding to all requests.

 ELIFECYCLE  Command failed with exit code 1.
exit_code=1
