name=e2e_smoke
command=pnpm run test:e2e:smoke
started_at=2026-02-17T22:24:35Z
 WARN  Unsupported engine: wanted: {"node":">=20 <23"} (current: {"node":"v24.13.0","pnpm":"9.15.0"})

> nextjs_tailwind_shadcn_ts@0.2.0 test:e2e:smoke /home/dev/Project_Me/asdev-portfolio
> npx playwright test e2e/smoke.spec.mjs --config=playwright.config.mjs

[2m[WebServer] [22m(node:198833) Warning: The 'NO_COLOR' env is ignored due to the 'FORCE_COLOR' env being set.
[2m[WebServer] [22m(Use `pnpm --trace-warnings ...` to show where the warning was created)
[2m[WebServer] [22m(node:198845) Warning: The 'NO_COLOR' env is ignored due to the 'FORCE_COLOR' env being set.
[2m[WebServer] [22m(Use `node --trace-warnings ...` to show where the warning was created)
[2m[WebServer] [22m(node:198845) Warning: The 'NO_COLOR' env is ignored due to the 'FORCE_COLOR' env being set.
[2m[WebServer] [22m(Use `node --trace-warnings ...` to show where the warning was created)
[2m[WebServer] [22m(node:198888) Warning: The 'NO_COLOR' env is ignored due to the 'FORCE_COLOR' env being set.
[2m[WebServer] [22m(Use `node --trace-warnings ...` to show where the warning was created)
[2m[WebServer] [22m(node:199173) Warning: The 'NO_COLOR' env is ignored due to the 'FORCE_COLOR' env being set.
[2m[WebServer] [22m(Use `node --trace-warnings ...` to show where the warning was created)
[2m[WebServer] [22m(node:199122) Warning: The 'NO_COLOR' env is ignored due to the 'FORCE_COLOR' env being set.
[2m[WebServer] [22m(Use `node --trace-warnings ...` to show where the warning was created)
[2m[WebServer] [22m(node:199094) Warning: The 'NO_COLOR' env is ignored due to the 'FORCE_COLOR' env being set.
[2m[WebServer] [22m(Use `node --trace-warnings ...` to show where the warning was created)
[2m[WebServer] [22m(node:199101) Warning: The 'NO_COLOR' env is ignored due to the 'FORCE_COLOR' env being set.
[2m[WebServer] [22m(Use `node --trace-warnings ...` to show where the warning was created)
[2m[WebServer] [22m(node:199152) Warning: The 'NO_COLOR' env is ignored due to the 'FORCE_COLOR' env being set.
[2m[WebServer] [22m(Use `node --trace-warnings ...` to show where the warning was created)
[2m[WebServer] [22m(node:199159) Warning: The 'NO_COLOR' env is ignored due to the 'FORCE_COLOR' env being set.
[2m[WebServer] [22m(Use `node --trace-warnings ...` to show where the warning was created)
[2m[WebServer] [22m(node:199115) Warning: The 'NO_COLOR' env is ignored due to the 'FORCE_COLOR' env being set.
[2m[WebServer] [22m(Use `node --trace-warnings ...` to show where the warning was created)
[2m[WebServer] [22m(node:199129) Warning: The 'NO_COLOR' env is ignored due to the 'FORCE_COLOR' env being set.
[2m[WebServer] [22m(Use `node --trace-warnings ...` to show where the warning was created)
[2m[WebServer] [22m(node:199108) Warning: The 'NO_COLOR' env is ignored due to the 'FORCE_COLOR' env being set.
[2m[WebServer] [22m(Use `node --trace-warnings ...` to show where the warning was created)
[2m[WebServer] [22m(node:199180) Warning: The 'NO_COLOR' env is ignored due to the 'FORCE_COLOR' env being set.
[2m[WebServer] [22m(Use `node --trace-warnings ...` to show where the warning was created)
[2m[WebServer] [22m(node:199166) Warning: The 'NO_COLOR' env is ignored due to the 'FORCE_COLOR' env being set.
[2m[WebServer] [22m(Use `node --trace-warnings ...` to show where the warning was created)
[2m[WebServer] [22m⚠ Using edge runtime on a page currently disables static generation for that page
[2m[WebServer] [22m(node:198822) Warning: The 'NO_COLOR' env is ignored due to the 'FORCE_COLOR' env being set.
[2m[WebServer] [22m(Use `pnpm --trace-warnings ...` to show where the warning was created)

Running 6 tests using 1 worker

(node:199348) Warning: The 'NO_COLOR' env is ignored due to the 'FORCE_COLOR' env being set.
(Use `node --trace-warnings ...` to show where the warning was created)
(node:199348) Warning: The 'NO_COLOR' env is ignored due to the 'FORCE_COLOR' env being set.
(Use `node --trace-warnings ...` to show where the warning was created)
  ✓  1 e2e/smoke.spec.mjs:4:3 › smoke › skip link is keyboard reachable and targets main content (825ms)
  ✓  2 e2e/smoke.spec.mjs:18:3 › smoke › home page renders key sections (359ms)
  ✓  3 e2e/smoke.spec.mjs:26:3 › smoke › language switch sets english direction (1.6s)
  ✓  4 e2e/smoke.spec.mjs:45:3 › smoke › theme toggle switches to dark mode (701ms)
  ✓  5 e2e/smoke.spec.mjs:51:3 › smoke › admin route redirects unauthenticated users to login (580ms)
  ✓  6 e2e/smoke.spec.mjs:57:3 › smoke › qualification form submits and redirects to thank-you (788ms)

  6 passed (22.2s)
exit_code=0
finished_at=2026-02-17T22:24:58Z
