name=e2e_smoke
command=pnpm run test:e2e:smoke
started_at=2026-02-17T22:13:28Z
 WARN  Unsupported engine: wanted: {"node":">=20 <23"} (current: {"node":"v24.13.0","pnpm":"9.15.0"})

> nextjs_tailwind_shadcn_ts@0.2.0 test:e2e:smoke /home/dev/Project_Me/asdev-portfolio
> npx playwright test e2e/smoke.spec.mjs --config=playwright.config.mjs

[2m[WebServer] [22m(node:193292) Warning: The 'NO_COLOR' env is ignored due to the 'FORCE_COLOR' env being set.
[2m[WebServer] [22m(Use `pnpm --trace-warnings ...` to show where the warning was created)
[2m[WebServer] [22m(node:193304) Warning: The 'NO_COLOR' env is ignored due to the 'FORCE_COLOR' env being set.
[2m[WebServer] [22m(Use `node --trace-warnings ...` to show where the warning was created)
[2m[WebServer] [22m(node:193304) Warning: The 'NO_COLOR' env is ignored due to the 'FORCE_COLOR' env being set.
[2m[WebServer] [22m(Use `node --trace-warnings ...` to show where the warning was created)
[2m[WebServer] [22m(node:193371) Warning: The 'NO_COLOR' env is ignored due to the 'FORCE_COLOR' env being set.
[2m[WebServer] [22m(Use `node --trace-warnings ...` to show where the warning was created)
[2m[WebServer] [22m(node:193509) Warning: The 'NO_COLOR' env is ignored due to the 'FORCE_COLOR' env being set.
[2m[WebServer] [22m(Use `node --trace-warnings ...` to show where the warning was created)
[2m[WebServer] [22m(node:193474) Warning: The 'NO_COLOR' env is ignored due to the 'FORCE_COLOR' env being set.
[2m[WebServer] [22m(Use `node --trace-warnings ...` to show where the warning was created)
[2m[WebServer] [22m(node:193523) Warning: The 'NO_COLOR' env is ignored due to the 'FORCE_COLOR' env being set.
[2m[WebServer] [22m(Use `node --trace-warnings ...` to show where the warning was created)
[2m[WebServer] [22m(node:193530) Warning: The 'NO_COLOR' env is ignored due to the 'FORCE_COLOR' env being set.
[2m[WebServer] [22m(Use `node --trace-warnings ...` to show where the warning was created)
[2m[WebServer] [22m(node:193495) Warning: The 'NO_COLOR' env is ignored due to the 'FORCE_COLOR' env being set.
[2m[WebServer] [22m(Use `node --trace-warnings ...` to show where the warning was created)
[2m[WebServer] [22m(node:193488) Warning: The 'NO_COLOR' env is ignored due to the 'FORCE_COLOR' env being set.
[2m[WebServer] [22m(Use `node --trace-warnings ...` to show where the warning was created)
[2m[WebServer] [22m(node:193502) Warning: The 'NO_COLOR' env is ignored due to the 'FORCE_COLOR' env being set.
[2m[WebServer] [22m(Use `node --trace-warnings ...` to show where the warning was created)
[2m[WebServer] [22m(node:193467) Warning: The 'NO_COLOR' env is ignored due to the 'FORCE_COLOR' env being set.
[2m[WebServer] [22m(Use `node --trace-warnings ...` to show where the warning was created)
[2m[WebServer] [22m(node:193460) Warning: The 'NO_COLOR' env is ignored due to the 'FORCE_COLOR' env being set.
[2m[WebServer] [22m(Use `node --trace-warnings ...` to show where the warning was created)
[2m[WebServer] [22m(node:193516) Warning: The 'NO_COLOR' env is ignored due to the 'FORCE_COLOR' env being set.
[2m[WebServer] [22m(Use `node --trace-warnings ...` to show where the warning was created)
[2m[WebServer] [22m(node:193481) Warning: The 'NO_COLOR' env is ignored due to the 'FORCE_COLOR' env being set.
[2m[WebServer] [22m(Use `node --trace-warnings ...` to show where the warning was created)
[2m[WebServer] [22m⚠ Using edge runtime on a page currently disables static generation for that page
[2m[WebServer] [22m(node:193281) Warning: The 'NO_COLOR' env is ignored due to the 'FORCE_COLOR' env being set.
[2m[WebServer] [22m(Use `pnpm --trace-warnings ...` to show where the warning was created)

Running 6 tests using 1 worker

(node:193696) Warning: The 'NO_COLOR' env is ignored due to the 'FORCE_COLOR' env being set.
(Use `node --trace-warnings ...` to show where the warning was created)
(node:193696) Warning: The 'NO_COLOR' env is ignored due to the 'FORCE_COLOR' env being set.
(Use `node --trace-warnings ...` to show where the warning was created)
  ✓  1 e2e/smoke.spec.mjs:4:3 › smoke › skip link is keyboard reachable and targets main content (854ms)
  ✓  2 e2e/smoke.spec.mjs:18:3 › smoke › home page renders key sections (369ms)
  ✓  3 e2e/smoke.spec.mjs:26:3 › smoke › language switch sets english direction (1.6s)
  ✓  4 e2e/smoke.spec.mjs:45:3 › smoke › theme toggle switches to dark mode (849ms)
  ✓  5 e2e/smoke.spec.mjs:51:3 › smoke › admin route redirects unauthenticated users to login (381ms)
  ✓  6 e2e/smoke.spec.mjs:57:3 › smoke › qualification form submits and redirects to thank-you (810ms)

  6 passed (22.1s)
exit_code=0
finished_at=2026-02-17T22:13:52Z
