name=web_surface_root
command=curl -I --noproxy '*' --max-time 20 https://alirezasafeidev.ir/
started_at=2026-02-17T22:41:50Z
  % Total    % Received % Xferd  Average Speed   Time    Time     Time  Current
                                 Dload  Upload   Total   Spent    Left  Speed
  0     0    0     0    0     0      0      0 --:--:-- --:--:-- --:--:--     0  0     0    0     0    0     0      0      0 --:--:-- --:--:-- --:--:--     0
HTTP/2 200 
server: nginx/1.18.0 (Ubuntu)
date: Tue, 17 Feb 2026 22:41:51 GMT
content-type: text/html; charset=utf-8
x-dns-prefetch-control: off
x-frame-options: DENY
x-content-type-options: nosniff
referrer-policy: origin-when-cross-origin
cache-control: public, max-age=0, s-maxage=300, stale-while-revalidate=600
content-security-policy: default-src 'self'; base-uri 'self'; form-action 'self'; frame-ancestors 'none'; object-src 'none'; img-src 'self' data: blob:; font-src 'self' data:; style-src 'self' 'nonce-e803168685c1409aa2e75b54743483d9'; script-src 'self' 'nonce-e803168685c1409aa2e75b54743483d9'; connect-src 'self'
cross-origin-opener-policy: same-origin
cross-origin-resource-policy: same-origin
permissions-policy: camera=(), microphone=(), geolocation=(), payment=()
strict-transport-security: max-age=63072000; includeSubDomains; preload
x-correlation-id: 285d451b-3e22-4742-bc70-2b1517b91c67
x-csp-nonce: e803168685c1409aa2e75b54743483d9
x-permitted-cross-domain-policies: none
x-request-id: 285d451b-3e22-4742-bc70-2b1517b91c67
vary: rsc, next-router-state-tree, next-router-prefetch, next-router-segment-prefetch, Accept-Encoding
link: </fonts/IRANSansX-Regular-arabic.woff2>; rel=preload; as="font"; crossorigin="anonymous"; type="font/woff2"

exit_code=0
finished_at=2026-02-17T22:41:51Z
