name=trivy_fs_secret_misconfig
command=NO_PROXY='*' HTTPS_PROXY='' HTTP_PROXY='' https_proxy='' http_proxy='' artifacts/bin/trivy fs --scanners secret,misconfig --skip-db-update --timeout 10m .
started_at=2026-02-17T22:41:24Z
2026-02-17T23:41:24+01:00	INFO	[misconfig] Misconfiguration scanning is enabled
2026-02-17T23:41:24+01:00	INFO	[misconfig] Need to update the checks bundle
2026-02-17T23:41:24+01:00	INFO	[misconfig] Downloading the checks bundle...
2026-02-17T23:41:25+01:00	ERROR	[misconfig] Falling back to embedded checks	err="failed to download checks bundle: download error: OCI repository error: 1 error occurred:\n\t* GET https://mirror.gcr.io/v2/: unexpected status code 403 Forbidden: <!DOCTYPE html>\n<html lang=en>\n  <meta charset=utf-8>\n  <meta name=viewport content=\"initial-scale=1, minimum-scale=1, width=device-width\">\n  <title>Error 403 (Forbidden)!!1</title>\n  <style>\n    *{margin:0;padding:0}html,code{font:15px/22px arial,sans-serif}html{background:#fff;color:#222;padding:15px}body{margin:7% auto 0;max-width:390px;min-height:180px;padding:30px 0 15px}* > body{background:url(//www.google.com/images/errors/robot.png) 100% 5px no-repeat;padding-right:205px}p{margin:11px 0 22px;overflow:hidden}ins{color:#777;text-decoration:none}a img{border:0}@media screen and (max-width:772px){body{background:none;margin-top:0;max-width:none;padding-right:0}}#logo{background:url(//www.google.com/images/branding/googlelogo/1x/googlelogo_color_150x54dp.png) no-repeat;margin-left:-5px}@media only screen and (min-resolution:192dpi){#logo{background:url(//www.google.com/images/branding/googlelogo/2x/googlelogo_color_150x54dp.png) no-repeat 0% 0%/100% 100%;-moz-border-image:url(//www.google.com/images/branding/googlelogo/2x/googlelogo_color_150x54dp.png) 0}}@media only screen and (-webkit-min-device-pixel-ratio:2){#logo{background:url(//www.google.com/images/branding/googlelogo/2x/googlelogo_color_150x54dp.png) no-repeat;-webkit-background-size:100% 100%}}#logo{display:inline-block;height:54px;width:150px}\n  </style>\n  <a href=//www.google.com/><span id=logo aria-label=Google></span></a>\n  <p><b>403.</b> <ins>That’s an error.</ins>\n  <p>Your client does not have permission to get URL <code>/v2/</code> from this server.  <ins>That’s all we know.</ins>\n\n\n"
2026-02-17T23:41:25+01:00	INFO	[secret] Secret scanning is enabled
2026-02-17T23:41:25+01:00	INFO	[secret] If your scanning is slow, please try '--scanners vuln' to disable secret scanning
2026-02-17T23:41:25+01:00	INFO	[secret] Please see also https://trivy.dev/v0.61/docs/scanner/secret#recommendation for faster secret detection
2026-02-17T23:41:46+01:00	INFO	[pnpm] To collect the license information of packages, "pnpm install" needs to be performed beforehand	dir="_ops/external/asdev-persiantoolbox/node_modules"
2026-02-17T23:41:49+01:00	INFO	Suppressing dependencies for development and testing. To display them, try the '--include-dev-deps' flag.
2026-02-17T23:41:49+01:00	INFO	Detected config files	num=1

Report Summary

┌────────────┬────────────┬─────────┬───────────────────┐
│   Target   │    Type    │ Secrets │ Misconfigurations │
├────────────┼────────────┼─────────┼───────────────────┤
│ Dockerfile │ dockerfile │    -    │         0         │
└────────────┴────────────┴─────────┴───────────────────┘
Legend:
- '-': Not scanned
- '0': Clean (no security findings detected)

exit_code=0
finished_at=2026-02-17T22:41:49Z
