$ bash ops/deploy/deploy.sh --env production --source-dir /workspace/asdev-portfolio --base-dir /var/www/my-portfolio --release-id 20260218T090801Z-prd6
Lockfile is up to date, resolution step is skipped
Progress: resolved 1, reused 0, downloaded 0, added 0
Packages: +1188
++++++++++++++++++++++++++++++++++++++++++++++++++++++++++++++++++++++++++++++++
Progress: resolved 1188, reused 1188, downloaded 0, added 166
Progress: resolved 1188, reused 1188, downloaded 0, added 1188, done

dependencies:
+ @dnd-kit/core 6.3.1
+ @dnd-kit/sortable 10.0.0
+ @dnd-kit/utilities 3.2.2
+ @hookform/resolvers 5.2.2
+ @mdxeditor/editor 3.52.3
+ @prisma/client 6.19.2
+ @radix-ui/react-accordion 1.2.12
+ @radix-ui/react-alert-dialog 1.1.15
+ @radix-ui/react-aspect-ratio 1.1.8
+ @radix-ui/react-avatar 1.1.11
+ @radix-ui/react-checkbox 1.3.3
+ @radix-ui/react-collapsible 1.1.12
+ @radix-ui/react-context-menu 2.2.16
+ @radix-ui/react-dialog 1.1.15
+ @radix-ui/react-dropdown-menu 2.1.16
+ @radix-ui/react-hover-card 1.1.15
+ @radix-ui/react-label 2.1.8
+ @radix-ui/react-menubar 1.1.16
+ @radix-ui/react-navigation-menu 1.2.14
+ @radix-ui/react-popover 1.1.15
+ @radix-ui/react-progress 1.1.8
+ @radix-ui/react-radio-group 1.3.8
+ @radix-ui/react-scroll-area 1.2.10
+ @radix-ui/react-select 2.2.6
+ @radix-ui/react-separator 1.1.8
+ @radix-ui/react-slider 1.3.6
+ @radix-ui/react-slot 1.2.4
+ @radix-ui/react-switch 1.2.6
+ @radix-ui/react-tabs 1.1.13
+ @radix-ui/react-toast 1.2.15
+ @radix-ui/react-toggle 1.1.10
+ @radix-ui/react-toggle-group 1.1.11
+ @radix-ui/react-tooltip 1.2.8
+ @reactuses/core 6.1.11
+ @tanstack/react-query 5.90.21
+ @tanstack/react-table 8.21.3
+ class-variance-authority 0.7.1
+ clsx 2.1.1
+ cmdk 1.1.1
+ date-fns 4.1.0
+ embla-carousel-react 8.6.0
+ framer-motion 12.34.0
+ input-otp 1.4.2
+ lucide-react 0.525.0
+ next 16.1.6
+ next-auth 4.24.13
+ next-intl 4.8.2
+ next-themes 0.4.6
+ prisma 6.19.2
+ react 19.2.4
+ react-day-picker 9.13.2
+ react-dom 19.2.4
+ react-hook-form 7.71.1
+ react-markdown 10.1.0
+ react-resizable-panels 3.0.6
+ react-syntax-highlighter 15.6.6
+ recharts 2.15.4
+ sharp 0.34.5
+ socket.io-client 4.8.3
+ sonner 2.0.7
+ tailwind-merge 3.4.1
+ tailwindcss-animate 1.0.7
+ uuid 11.1.0
+ vaul 1.1.2
+ z-ai-web-dev-sdk 0.0.16
+ zod 4.3.6
+ zustand 5.0.11

devDependencies:
+ @lhci/cli 0.15.1
+ @playwright/test 1.58.2
+ @tailwindcss/postcss 4.1.18
+ @testing-library/jest-dom 6.9.1
+ @testing-library/react 16.3.2
+ @types/react 19.2.14
+ @types/react-dom 19.2.3
+ @vitest/coverage-v8 4.0.18
+ @vitest/ui 4.0.18
+ eslint 9.39.2
+ eslint-config-next 16.1.6
+ happy-dom 20.6.1
+ jsdom 28.1.0
+ socket.io 4.8.3
+ tailwindcss 4.1.18
+ tw-animate-css 1.4.0
+ typescript 5.9.3
+ vitest 4.0.18


> nextjs_tailwind_shadcn_ts@0.2.0 postinstall /var/www/my-portfolio/releases/production/20260218T090801Z-prd6
> prisma generate

Prisma schema loaded from prisma/schema.prisma

✔ Generated Prisma Client (v6.19.2) to ./node_modules/.pnpm/@prisma+client@6.19.2_prisma@6.19.2_typescript@5.9.3__typescript@5.9.3/node_modules/@prisma/client in 107ms

Start by importing your Prisma Client (See: https://pris.ly/d/importing-client)

Tip: Need your database queries to be 1000x faster? Accelerate offers you that and more: https://pris.ly/tip-2-accelerate

Done in 4.9s

> nextjs_tailwind_shadcn_ts@0.2.0 db:generate /var/www/my-portfolio/releases/production/20260218T090801Z-prd6
> prisma generate

Prisma schema loaded from prisma/schema.prisma

✔ Generated Prisma Client (v6.19.2) to ./node_modules/.pnpm/@prisma+client@6.19.2_prisma@6.19.2_typescript@5.9.3__typescript@5.9.3/node_modules/@prisma/client in 116ms

Start by importing your Prisma Client (See: https://pris.ly/d/importing-client)

Tip: Want to turn off tips and other hints? https://pris.ly/tip-4-nohints


> nextjs_tailwind_shadcn_ts@0.2.0 build /var/www/my-portfolio/releases/production/20260218T090801Z-prd6
> next build && cp -r .next/static .next/standalone/.next/ && cp -r public .next/standalone/

Attention: Next.js now collects completely anonymous telemetry regarding usage.
This information is used to shape Next.js' roadmap and prioritize features.
You can learn more, including how to opt-out if you'd not like to participate in this anonymous program, by visiting the following URL:
https://nextjs.org/telemetry

▲ Next.js 16.1.6 (Turbopack)
- Experiments (use with caution):
  · optimizePackageImports

  Creating an optimized production build ...
✓ Compiled successfully in 11.9s
  Running TypeScript ...
  Collecting page data using 16 workers ...
⚠ Using edge runtime on a page currently disables static generation for that page
  Generating static pages using 16 workers (0/31) ...
  Generating static pages using 16 workers (7/31) 
  Generating static pages using 16 workers (15/31) 
  Generating static pages using 16 workers (23/31) 
✓ Generating static pages using 16 workers (31/31) in 358.5ms
  Finalizing page optimization ...

Route (app)
┌ ƒ /
├ ƒ /_not-found
├ ƒ /about-brand
├ ƒ /admin
├ ƒ /admin/login
├ ƒ /api
├ ƒ /api/admin/auth/login
├ ƒ /api/admin/auth/logout
├ ƒ /api/admin/auth/session
├ ƒ /api/admin/leads
├ ƒ /api/admin/messages
├ ƒ /api/admin/projects
├ ƒ /api/contact
├ ƒ /api/leads
├ ƒ /api/messages
├ ƒ /api/metrics
├ ƒ /api/og-image
├ ƒ /api/ready
├ ƒ /api/rss
├ ƒ /case-studies
├ ƒ /case-studies/alirezasafaeidev-portfolio
├ ƒ /case-studies/asdev-persiantoolbox-platform
├ ƒ /case-studies/ci-cd-governance-hardening
├ ƒ /case-studies/infrastructure-localization-rescue
├ ƒ /case-studies/legacy-nextjs-replatform
├ ƒ /qualification
├ ○ /robots.txt
├ ƒ /services
├ ƒ /services/infrastructure-localization
├ ○ /sitemap.xml
└ ƒ /thank-you


ƒ Proxy (Middleware)

○  (Static)   prerendered as static content
ƒ  (Dynamic)  server-rendered on demand

[PM2] Applying action deleteProcessId on app [my-portfolio-production](ids: [ 1 ])
[PM2] [my-portfolio-production](1) ✓
┌────┬─────────────────────────┬─────────────┬─────────┬─────────┬──────────┬────────┬──────┬───────────┬──────────┬──────────┬──────────┬──────────┐
│ id │ name                    │ namespace   │ version │ mode    │ pid      │ uptime │ ↺    │ status    │ cpu      │ mem      │ user     │ watching │
├────┼─────────────────────────┼─────────────┼─────────┼─────────┼──────────┼────────┼──────┼───────────┼──────────┼──────────┼──────────┼──────────┤
│ 0  │ my-portfolio-staging    │ default     │ 0.40.2  │ fork    │ 21987    │ 89s    │ 0    │ online    │ 0%       │ 94.9mb   │ root     │ disabled │
└────┴─────────────────────────┴─────────────┴─────────┴─────────┴──────────┴────────┴──────┴───────────┴──────────┴──────────┴──────────┴──────────┘
[PM2][WARN] Applications my-portfolio-production not running, starting...
[PM2] App [my-portfolio-production] launched (1 instances)
┌────┬────────────────────────────┬─────────────┬─────────┬─────────┬──────────┬────────┬──────┬───────────┬──────────┬──────────┬──────────┬──────────┐
│ id │ name                       │ namespace   │ version │ mode    │ pid      │ uptime │ ↺    │ status    │ cpu      │ mem      │ user     │ watching │
├────┼────────────────────────────┼─────────────┼─────────┼─────────┼──────────┼────────┼──────┼───────────┼──────────┼──────────┼──────────┼──────────┤
│ 2  │ my-portfolio-production    │ default     │ 0.40.2  │ fork    │ 23667    │ 0s     │ 0    │ online    │ 0%       │ 12.3mb   │ root     │ disabled │
│ 0  │ my-portfolio-staging       │ default     │ 0.40.2  │ fork    │ 21987    │ 90s    │ 0    │ online    │ 0%       │ 94.9mb   │ root     │ disabled │
└────┴────────────────────────────┴─────────────┴─────────┴─────────┴──────────┴────────┴──────┴───────────┴──────────┴──────────┴──────────┴──────────┘
[deploy] health check passed for production on port 3002
[deploy] completed production release 20260218T090801Z-prd6
exit_code=0
