$ CHROME_PATH=/root/.cache/ms-playwright/chromium-1208/chrome-linux64/chrome timeout 420 pnpm run lighthouse:ci

> nextjs_tailwind_shadcn_ts@0.2.0 lighthouse:ci /workspace/asdev-portfolio
> LHCI_BUILD_CONTEXT__CURRENT_HASH=${LHCI_BUILD_CONTEXT__CURRENT_HASH:-$(git rev-parse HEAD 2>/dev/null || echo local)} pnpm exec lhci autorun --config=./lighthouserc.json

✅  .lighthouseci/ directory writable
✅  Configuration file found
✅  Chrome installation found
Healthcheck passed!

Started a web server with "NO_PROXY=127.0.0.1,localhost no_proxy=127.0.0.1,localhost pnpm run build && PORT=3000 pnpm exec next start -p 3000 -H 127.0.0.1"...
Running Lighthouse 3 time(s) on http://127.0.0.1:3000/
Run #1...done.
Run #2...done.
Run #3...done.
Running Lighthouse 3 time(s) on http://127.0.0.1:3000/services
Run #1...done.
Run #2...done.
Run #3...done.
Running Lighthouse 3 time(s) on http://127.0.0.1:3000/case-studies
Run #1...done.
Run #2...done.
Run #3...done.
Done running Lighthouse!

Checking assertions against 3 URL(s), 9 total run(s)

1 result(s) for [1mhttp://127.0.0.1:3000/[0m :

  [31m✘[0m  [1mcategories[0m.performance failure for [1mminScore[0m assertion
        expected: >=[32m0.85[0m
           found: [31m0.81[0m
      [2mall values: 0.77, 0.81, 0.8[0m

1 result(s) for [1mhttp://127.0.0.1:3000/services[0m :

  [31m✘[0m  [1mcategories[0m.performance failure for [1mminScore[0m assertion
        expected: >=[32m0.85[0m
           found: [31m0.81[0m
      [2mall values: 0.77, 0.81, 0.75[0m

1 result(s) for [1mhttp://127.0.0.1:3000/case-studies[0m :

  [31m✘[0m  [1mcategories[0m.performance failure for [1mminScore[0m assertion
        expected: >=[32m0.85[0m
           found: [31m0.81[0m
      [2mall values: 0.8, 0.77, 0.81[0m

Assertion failed. Exiting with status code 1.

Uploading median LHR of http://127.0.0.1:3000/...success!
Open the report at https://storage.googleapis.com/lighthouse-infrastructure.appspot.com/reports/1771402493565-45912.report.html
Uploading median LHR of http://127.0.0.1:3000/services...success!
Open the report at https://storage.googleapis.com/lighthouse-infrastructure.appspot.com/reports/1771402493968-83981.report.html
Uploading median LHR of http://127.0.0.1:3000/case-studies...success!
Open the report at https://storage.googleapis.com/lighthouse-infrastructure.appspot.com/reports/1771402494465-61053.report.html
No GitHub token set, skipping GitHub status check.

assert command failed. Exiting with status code 1.
 ELIFECYCLE  Command failed with exit code 1.
exit_code=1
